app/build/outputs/logs/manifest-merger-debug-report.txt
-- Merging decision tree log ---
manifest
ADDED from src/main/AndroidManifest.xml:2:1-51:12
INJECTED from src/main/AndroidManifest.xml:2:1-51:12
INJECTED from src/main/AndroidManifest.xml:2:1-51:12
INJECTED from src/main/AndroidManifest.xml:2:1-51:12
MERGED from [:engine] AndroidManifest.xml:2:1-11:12
MERGED from [com.android.support:support-compat:27.1.1] AndroidManifest.xml:17:1-22:12
MERGED from [android.arch.lifecycle:runtime:1.1.0] AndroidManifest.xml:17:1-22:12
INJECTED from src/main/AndroidManifest.xml:2:1-51:12
INJECTED from src/main/AndroidManifest.xml:2:1-51:12
INJECTED from src/main/AndroidManifest.xml:2:1-51:12
	package
		ADDED from src/main/AndroidManifest.xml:4:5-35
		INJECTED from src/main/AndroidManifest.xml
		INJECTED from src/main/AndroidManifest.xml
	android:versionName
		ADDED from src/main/AndroidManifest.xml:6:5-32
		INJECTED from src/main/AndroidManifest.xml
		INJECTED from src/main/AndroidManifest.xml
	xmlns:tools
		ADDED from src/main/AndroidManifest.xml:3:5-51
	xmlns:android
		ADDED from src/main/AndroidManifest.xml:2:11-69
	android:versionCode
		ADDED from src/main/AndroidManifest.xml:5:5-29
		INJECTED from src/main/AndroidManifest.xml
		INJECTED from src/main/AndroidManifest.xml
uses-sdk
ADDED from src/main/AndroidManifest.xml:8:5-11:82
INJECTED from src/main/AndroidManifest.xml:8:5-11:82
INJECTED from src/main/AndroidManifest.xml:8:5-11:82
MERGED from [:engine] AndroidManifest.xml:7:5-9:41
MERGED from [:engine] AndroidManifest.xml:7:5-9:41
MERGED from [com.android.support:support-compat:27.1.1] AndroidManifest.xml:20:5-44
MERGED from [com.android.support:support-compat:27.1.1] AndroidManifest.xml:20:5-44
MERGED from [android.arch.lifecycle:runtime:1.1.0] AndroidManifest.xml:20:5-44
MERGED from [android.arch.lifecycle:runtime:1.1.0] AndroidManifest.xml:20:5-44
INJECTED from src/main/AndroidManifest.xml:8:5-11:82
INJECTED from src/main/AndroidManifest.xml:8:5-11:82
	tools:overrideLibrary
		ADDED from src/main/AndroidManifest.xml:11:9-79
	android:targetSdkVersion
		ADDED from src/main/AndroidManifest.xml:10:9-38
		INJECTED from src/main/AndroidManifest.xml
		INJECTED from src/main/AndroidManifest.xml
	android:minSdkVersion
		ADDED from src/main/AndroidManifest.xml:9:9-33
		INJECTED from src/main/AndroidManifest.xml
		INJECTED from src/main/AndroidManifest.xml
uses-feature#0x00020000
ADDED from src/main/AndroidManifest.xml:13:5-15:35
	android:glEsVersion
		ADDED from src/main/AndroidManifest.xml:14:9-41
	android:required
		ADDED from src/main/AndroidManifest.xml:15:9-32
uses-permission#android.permission.READ_EXTERNAL_STORAGE
ADDED from src/main/AndroidManifest.xml:17:5-80
	android:name
		ADDED from src/main/AndroidManifest.xml:17:22-77
uses-permission#android.permission.INTERNET
ADDED from src/main/AndroidManifest.xml:18:5-67
	android:name
		ADDED from src/main/AndroidManifest.xml:18:22-64
application
ADDED from src/main/AndroidManifest.xml:20:5-49:19
	android:label
		ADDED from src/main/AndroidManifest.xml:23:9-41
	android:icon
		ADDED from src/main/AndroidManifest.xml:22:9-45
	android:allowBackup
		ADDED from src/main/AndroidManifest.xml:21:9-35
	android:theme
		ADDED from src/main/AndroidManifest.xml:24:9-40
activity#org.cars24.app.model3D.MainActivity
ADDED from src/main/AndroidManifest.xml:25:9-33:20
	android:label
		ADDED from src/main/AndroidManifest.xml:27:13-45
	android:name
		ADDED from src/main/AndroidManifest.xml:26:13-63
intent-filter#action:name:android.intent.action.MAIN+category:name:android.intent.category.LAUNCHER
ADDED from src/main/AndroidManifest.xml:28:13-32:29
action#android.intent.action.MAIN
ADDED from src/main/AndroidManifest.xml:29:17-69
	android:name
		ADDED from src/main/AndroidManifest.xml:29:25-66
category#android.intent.category.LAUNCHER
ADDED from src/main/AndroidManifest.xml:31:17-77
	android:name
		ADDED from src/main/AndroidManifest.xml:31:27-74
activity#org.cars24.app.model3D.view.MenuActivity
ADDED from src/main/AndroidManifest.xml:34:9-37:89
	android:parentActivityName
		ADDED from src/main/AndroidManifest.xml:37:13-77
	android:label
		ADDED from src/main/AndroidManifest.xml:36:13-56
	android:name
		ADDED from src/main/AndroidManifest.xml:35:13-68
activity#org.cars24.util.view.TextActivity
ADDED from src/main/AndroidManifest.xml:38:9-41:89
	android:parentActivityName
		ADDED from src/main/AndroidManifest.xml:41:13-77
	android:label
		ADDED from src/main/AndroidManifest.xml:40:13-56
	android:name
		ADDED from src/main/AndroidManifest.xml:39:13-61
activity#org.cars24.app.model3D.view.ModelActivity
ADDED from src/main/AndroidManifest.xml:42:9-48:20
	android:parentActivityName
		ADDED from src/main/AndroidManifest.xml:45:13-77
	android:label
		ADDED from src/main/AndroidManifest.xml:44:13-57
	android:name
		ADDED from src/main/AndroidManifest.xml:43:13-69